{
  "RSpec": {
    "coverage": {
      "/home/crespire/repos/the_odin_project/ruby_chess/spec/board_spec.rb": {
        "lines": [
          null,
          null,
          null,
          null,
          1,
          1,
          null,
          1,
          1,
          5,
          null,
          1,
          1,
          1,
          null,
          null,
          1,
          1,
          1,
          null,
          null,
          1,
          1,
          1,
          64,
          null,
          null,
          null,
          1,
          1,
          1,
          1,
          null,
          null,
          null,
          1,
          1,
          3,
          null,
          1,
          1,
          1,
          1,
          1,
          1,
          1,
          1,
          1,
          null,
          null,
          1,
          1,
          null,
          null,
          null,
          1,
          3,
          null,
          1,
          1,
          1,
          1,
          1,
          1,
          1,
          1,
          null,
          null,
          1,
          1,
          null,
          null,
          null,
          null,
          1,
          3,
          null,
          1,
          1,
          1,
          null,
          1,
          1,
          null,
          null,
          1,
          1,
          1,
          1,
          1,
          null,
          1,
          1,
          1,
          1,
          null,
          null,
          null,
          1,
          4,
          null,
          1,
          1,
          1,
          1,
          1,
          1,
          null,
          null,
          1,
          1,
          1,
          1,
          1,
          null,
          null,
          1,
          1,
          1,
          1,
          1,
          null,
          null,
          null,
          null,
          1,
          2,
          null,
          1,
          1,
          1,
          1,
          1,
          null,
          null,
          null,
          1,
          1,
          1,
          1,
          1,
          null,
          null,
          1,
          1,
          1,
          1,
          1,
          null,
          null,
          null,
          1,
          1,
          1,
          2,
          null,
          null,
          1,
          1,
          1,
          2,
          null,
          null,
          null,
          1,
          1,
          1,
          1,
          null,
          null,
          1,
          1,
          1,
          1,
          null,
          null,
          null,
          1,
          2,
          null,
          1,
          1,
          1,
          null,
          1,
          1,
          1,
          null,
          null,
          null
        ]
      },
      "/home/crespire/repos/the_odin_project/ruby_chess/lib/chess.rb": {
        "lines": [
          null,
          null,
          null,
          null,
          1,
          1,
          1,
          1,
          1,
          1,
          null,
          1,
          1,
          1,
          null,
          1,
          228,
          228,
          null,
          228,
          228,
          228,
          228,
          228,
          228,
          228,
          228,
          228,
          228,
          228,
          228,
          228,
          null,
          null,
          1,
          210,
          210,
          null,
          209,
          209,
          209,
          null,
          207,
          207,
          207,
          207,
          207,
          207,
          207,
          207,
          206,
          null,
          null,
          1,
          89,
          null,
          null,
          1,
          87,
          null,
          87,
          87,
          87,
          87,
          87,
          87,
          87,
          null,
          87,
          87,
          null,
          87,
          87,
          null,
          null,
          1,
          520,
          null,
          null,
          1,
          0,
          0,
          0,
          0,
          0,
          0,
          0,
          0,
          0,
          0,
          0,
          0,
          0,
          null,
          0,
          0,
          0,
          0,
          null,
          0,
          0,
          null,
          0,
          0,
          0,
          0,
          0,
          0,
          0,
          0,
          null,
          0,
          null,
          null,
          null,
          1,
          0,
          0,
          null,
          null,
          1,
          0,
          0,
          0,
          null,
          0,
          null,
          null,
          1,
          2375,
          null,
          null,
          1,
          null,
          1,
          45,
          null,
          null,
          1,
          86,
          null,
          null,
          1,
          32,
          null,
          null,
          1,
          54,
          null,
          null,
          1,
          86,
          null,
          null,
          1,
          86,
          86,
          86,
          60,
          null,
          26,
          null,
          86,
          null,
          null,
          1,
          37,
          37,
          6,
          null,
          31,
          null,
          null,
          null,
          1,
          30,
          null,
          30,
          7,
          7,
          7,
          23,
          2,
          null,
          null,
          30,
          30,
          30,
          null,
          8,
          8,
          8,
          null,
          null,
          1,
          4,
          4,
          null,
          null,
          1,
          23,
          23,
          null,
          23,
          null,
          23,
          null,
          null
        ]
      },
      "/home/crespire/repos/the_odin_project/ruby_chess/lib/ui.rb": {
        "lines": [
          null,
          null,
          null,
          null,
          1,
          null,
          1,
          1,
          null,
          null,
          null,
          null,
          null,
          null,
          null,
          null,
          null,
          null,
          null,
          null,
          null,
          null,
          null,
          1,
          217,
          null,
          null,
          1,
          5,
          5,
          5,
          45,
          5,
          5,
          5,
          40,
          40,
          320,
          40,
          280,
          4,
          276,
          0,
          null,
          276,
          null,
          320,
          null,
          40,
          40,
          40,
          40,
          40,
          40,
          40,
          40,
          40,
          null,
          5,
          null,
          null,
          1,
          1,
          null,
          null,
          null,
          null,
          null,
          null,
          null,
          null,
          null,
          null,
          null,
          null,
          null,
          null,
          null,
          null,
          null,
          null,
          null,
          null,
          null,
          null,
          1,
          0,
          0,
          null,
          null,
          1,
          4,
          null,
          4,
          4,
          4,
          4,
          null,
          null,
          1,
          5,
          5,
          5,
          5,
          9,
          9,
          9,
          9,
          null,
          9,
          9,
          9,
          null,
          8,
          8,
          null,
          7,
          7,
          7,
          7,
          null,
          6,
          6,
          6,
          null,
          null,
          null,
          1,
          3,
          3,
          4,
          4,
          4,
          null,
          4,
          4,
          null,
          3,
          null,
          null,
          null,
          1,
          0,
          0,
          0,
          0,
          0,
          0,
          0,
          null,
          0,
          0,
          null,
          null,
          null,
          1,
          0,
          0,
          0,
          0,
          0,
          null,
          0,
          null,
          null,
          null,
          1,
          0,
          0,
          0,
          0,
          0,
          0,
          0,
          null,
          0,
          null,
          null,
          null,
          1,
          0,
          0,
          0,
          null,
          null,
          1,
          0,
          null,
          null,
          1,
          null,
          1,
          316,
          null,
          null,
          1,
          4,
          null,
          null
        ]
      },
      "/home/crespire/repos/the_odin_project/ruby_chess/lib/board.rb": {
        "lines": [
          null,
          null,
          null,
          null,
          1,
          1,
          1,
          1,
          null,
          1,
          1,
          null,
          1,
          4104,
          null,
          456,
          456,
          456,
          3642,
          3642,
          14384,
          null,
          10918,
          10918,
          null,
          3465,
          3465,
          18212,
          18212,
          null,
          3465,
          null,
          1,
          null,
          14383,
          14383,
          null,
          null,
          null,
          null,
          1,
          9,
          26,
          null,
          8,
          8,
          8,
          null,
          null,
          1,
          240944,
          240944,
          240944,
          240943,
          null,
          240942,
          240942,
          null,
          null,
          1,
          87,
          null,
          87,
          87,
          87,
          87,
          null,
          null,
          1,
          240936,
          240936,
          null,
          240935,
          240935,
          240935,
          220992,
          null,
          205329,
          null,
          null,
          1,
          790,
          null,
          null,
          1,
          1608,
          null,
          null,
          1,
          19,
          19,
          152,
          1216,
          null,
          94,
          null,
          null,
          19,
          null,
          null,
          1,
          2417,
          2417,
          2417,
          19336,
          154688,
          null,
          61812,
          null,
          null,
          2417,
          null,
          null,
          1,
          91,
          91,
          6552,
          728,
          null,
          91,
          6552,
          1973,
          null,
          91,
          null,
          null,
          1,
          2,
          144,
          16,
          null,
          null,
          null
        ]
      },
      "/home/crespire/repos/the_odin_project/ruby_chess/lib/cell.rb": {
        "lines": [
          null,
          null,
          null,
          null,
          1,
          1,
          null,
          1,
          1,
          1,
          1,
          null,
          1,
          29139,
          29139,
          null,
          null,
          1,
          1312896,
          null,
          null,
          1,
          71,
          null,
          null,
          1,
          315,
          null,
          null,
          1,
          269244,
          269181,
          null,
          85313,
          85313,
          null,
          null,
          1,
          261297,
          261275,
          null,
          106475,
          106475,
          null,
          null,
          1,
          5824,
          null,
          null,
          1,
          280,
          null,
          null,
          1,
          12,
          null,
          null,
          1,
          31407,
          null,
          null
        ]
      },
      "/home/crespire/repos/the_odin_project/ruby_chess/lib/piece.rb": {
        "lines": [
          null,
          null,
          null,
          null,
          1,
          null,
          1,
          1,
          null,
          1,
          13374,
          null,
          5236,
          null,
          3304,
          null,
          1311,
          null,
          1462,
          null,
          711,
          null,
          1349,
          null,
          1,
          null,
          null,
          null,
          1,
          13422,
          13422,
          null,
          null,
          null,
          null,
          1,
          0,
          null,
          null,
          null,
          null,
          1,
          0,
          null,
          null,
          null,
          null,
          1,
          0,
          null,
          null,
          1,
          2376,
          null,
          null,
          1,
          927,
          null,
          null,
          1,
          13962,
          null,
          null,
          1,
          294,
          null,
          null,
          1,
          2211,
          null,
          null,
          1,
          61815,
          null,
          null
        ]
      },
      "/home/crespire/repos/the_odin_project/ruby_chess/lib/move.rb": {
        "lines": [
          null,
          null,
          null,
          null,
          1,
          1,
          null,
          1,
          1,
          1,
          null,
          1,
          1,
          null,
          1,
          81011,
          81011,
          null,
          null,
          1,
          52943,
          null,
          null,
          1,
          52943,
          null,
          null,
          1,
          37856,
          null,
          null,
          1,
          859,
          null,
          4204,
          null,
          null,
          1,
          70470,
          null,
          27076,
          null,
          null,
          1,
          845,
          null,
          134,
          134,
          134,
          134,
          134,
          679,
          679,
          679,
          227,
          227,
          null,
          586,
          null,
          134,
          null,
          null,
          1,
          null,
          1,
          81011,
          null,
          81011,
          81011,
          81011,
          162299,
          162299,
          null,
          126706,
          126706,
          null,
          81011,
          null,
          null,
          1,
          78975,
          null,
          221604,
          null,
          null,
          1,
          86102,
          null,
          213825,
          null,
          null,
          1,
          43394,
          null,
          99683,
          null,
          null,
          1,
          43394,
          null,
          43394,
          43394,
          43394,
          43394,
          14005,
          14005,
          null,
          43394,
          null,
          null,
          1,
          27076,
          null,
          27076,
          27076,
          27076,
          27076,
          42134,
          42134,
          null,
          15058,
          15058,
          null,
          27076,
          null,
          null,
          1,
          14416,
          null,
          14416,
          null,
          null,
          1,
          null
        ]
      },
      "/home/crespire/repos/the_odin_project/ruby_chess/lib/pieces/all_pieces.rb": {
        "lines": [
          null,
          null,
          null,
          null,
          1,
          1,
          1,
          1,
          1,
          1
        ]
      },
      "/home/crespire/repos/the_odin_project/ruby_chess/lib/pieces/bishop.rb": {
        "lines": [
          null,
          null,
          null,
          null,
          1,
          null,
          1,
          1,
          null,
          1,
          2176,
          10880,
          2176,
          null,
          null,
          1,
          1637,
          null,
          null,
          1,
          1419,
          3409,
          1419,
          null,
          null,
          1,
          175,
          null,
          null
        ]
      },
      "/home/crespire/repos/the_odin_project/ruby_chess/lib/pieces/king.rb": {
        "lines": [
          null,
          null,
          null,
          null,
          1,
          null,
          1,
          1,
          null,
          1,
          null,
          1,
          3311,
          3311,
          null,
          null,
          1,
          1401,
          12609,
          1401,
          null,
          null,
          1,
          1044,
          null,
          null,
          1,
          1043,
          3588,
          1043,
          null,
          null
        ]
      },
      "/home/crespire/repos/the_odin_project/ruby_chess/lib/pieces/knight.rb": {
        "lines": [
          null,
          null,
          null,
          null,
          1,
          null,
          1,
          1,
          null,
          1,
          2141,
          19269,
          2141,
          null,
          null,
          1,
          1564,
          null,
          null,
          1,
          1523,
          7589,
          1523,
          null,
          null
        ]
      },
      "/home/crespire/repos/the_odin_project/ruby_chess/lib/pieces/pawn.rb": {
        "lines": [
          null,
          null,
          null,
          null,
          1,
          1,
          5251,
          5251,
          5251,
          null,
          null,
          1,
          8026,
          8026,
          8026,
          8026,
          32104,
          8026,
          null,
          null,
          1,
          3508,
          null,
          null,
          1,
          3445,
          3445,
          8322,
          null,
          3445,
          null,
          null,
          1,
          4512,
          4512,
          4512,
          13536,
          4512,
          null,
          null
        ]
      },
      "/home/crespire/repos/the_odin_project/ruby_chess/lib/pieces/queen.rb": {
        "lines": [
          null,
          null,
          null,
          null,
          1,
          null,
          1,
          1,
          null,
          1,
          1203,
          10827,
          1203,
          null,
          null,
          1,
          904,
          null,
          null,
          1,
          781,
          3188,
          781,
          null,
          null,
          1,
          89,
          null,
          null
        ]
      },
      "/home/crespire/repos/the_odin_project/ruby_chess/lib/pieces/rook.rb": {
        "lines": [
          null,
          null,
          null,
          null,
          1,
          null,
          1,
          1,
          null,
          1,
          null,
          1,
          1466,
          1466,
          null,
          null,
          1,
          2567,
          12835,
          2567,
          null,
          null,
          1,
          1936,
          null,
          null,
          1,
          1713,
          3895,
          1713,
          null,
          null,
          1,
          183,
          null,
          null
        ]
      },
      "/home/crespire/repos/the_odin_project/ruby_chess/lib/castle.rb": {
        "lines": [
          null,
          null,
          null,
          null,
          1,
          1,
          1,
          1,
          1,
          1,
          1,
          null,
          1,
          1,
          251,
          251,
          null,
          null,
          1,
          98,
          98,
          null,
          36,
          36,
          36,
          10,
          10,
          null,
          26,
          null,
          36,
          36,
          null,
          null,
          null,
          null,
          1,
          90,
          null,
          89,
          89,
          89,
          null,
          21,
          61,
          21,
          null,
          21,
          21,
          null,
          19,
          19,
          19,
          19,
          19,
          null,
          null,
          15,
          null,
          null,
          null,
          null,
          null,
          15,
          15,
          28,
          28,
          28,
          28,
          28,
          null,
          15,
          null,
          null,
          1,
          0,
          0,
          0,
          0,
          0,
          0,
          null,
          0,
          null,
          null,
          1,
          null,
          1,
          28,
          28,
          224,
          1792,
          null,
          180,
          180,
          180,
          null,
          null,
          28,
          null,
          null,
          1,
          null,
          21,
          null,
          null,
          null,
          null,
          21,
          61,
          21,
          null,
          null,
          1,
          21,
          40,
          109,
          40,
          40,
          40,
          40,
          40,
          40,
          null,
          21,
          null,
          null
        ]
      },
      "/home/crespire/repos/the_odin_project/ruby_chess/lib/checkmate.rb": {
        "lines": [
          null,
          null,
          null,
          null,
          1,
          null,
          1,
          1,
          257,
          257,
          null,
          null,
          1,
          4,
          null,
          null,
          1,
          371,
          371,
          null,
          200,
          200,
          null,
          null,
          1,
          39,
          39,
          39,
          null,
          19,
          19,
          152,
          1216,
          null,
          174,
          null,
          null,
          19,
          null,
          null,
          1,
          16,
          16,
          16,
          null,
          10,
          10,
          80,
          640,
          null,
          24,
          null,
          null,
          null,
          10,
          null,
          null,
          1,
          15,
          null,
          null,
          1,
          11,
          null,
          null,
          1,
          9,
          null,
          6,
          6,
          6,
          null,
          2,
          2,
          2,
          null,
          2,
          null,
          null,
          1,
          12,
          null,
          null
        ]
      },
      "/home/crespire/repos/the_odin_project/ruby_chess/lib/movement.rb": {
        "lines": [
          null,
          null,
          null,
          null,
          1,
          1,
          1,
          1,
          1,
          1,
          null,
          1,
          1,
          330,
          null,
          null,
          1,
          354,
          null,
          354,
          354,
          354,
          354,
          354,
          354,
          354,
          null,
          298,
          298,
          192,
          192,
          null,
          20,
          20,
          20,
          null,
          20,
          null,
          106,
          106,
          106,
          848,
          6784,
          1369,
          null,
          444,
          444,
          840,
          null,
          444,
          7,
          null,
          null,
          null,
          null,
          106,
          null,
          null,
          null,
          1,
          602,
          602,
          602,
          4816,
          38528,
          null,
          6998,
          314,
          null,
          6684,
          null,
          null,
          null,
          null,
          602,
          null,
          null,
          1,
          355,
          355,
          2840,
          22720,
          null,
          4557,
          null,
          null,
          null,
          355,
          null,
          null,
          1,
          355,
          355,
          2840,
          22720,
          null,
          4557,
          4557,
          4557,
          null,
          null,
          null,
          355,
          null,
          null,
          1,
          null,
          1,
          56,
          56,
          56,
          56,
          null,
          22,
          23,
          105,
          null,
          null,
          22,
          22,
          22,
          null,
          null,
          1,
          150,
          150,
          150,
          217,
          null,
          150,
          null,
          150,
          150,
          150,
          150,
          150,
          10,
          null,
          null,
          150,
          null,
          null,
          1,
          43,
          43,
          43,
          43,
          43,
          43,
          43,
          43,
          null,
          null,
          1,
          192,
          null,
          188,
          188,
          188,
          183,
          null,
          174,
          962,
          174,
          null,
          null,
          1,
          338,
          338,
          338,
          null,
          null
        ]
      },
      "/home/crespire/repos/the_odin_project/ruby_chess/lib/save.rb": {
        "lines": [
          null,
          null,
          null,
          null,
          1,
          1,
          null,
          1,
          0,
          null,
          null,
          1,
          0,
          null,
          0,
          null,
          null
        ]
      },
      "/home/crespire/repos/the_odin_project/ruby_chess/spec/castle_spec.rb": {
        "lines": [
          null,
          null,
          null,
          null,
          1,
          null,
          1,
          24,
          24,
          null,
          1,
          1,
          1,
          1,
          3,
          null,
          null,
          1,
          1,
          1,
          1,
          1,
          null,
          null,
          1,
          1,
          1,
          1,
          1,
          null,
          null,
          1,
          1,
          1,
          1,
          1,
          null,
          null,
          null,
          null,
          1,
          1,
          1,
          4,
          null,
          null,
          1,
          1,
          1,
          1,
          1,
          null,
          null,
          1,
          1,
          1,
          1,
          1,
          null,
          null,
          1,
          1,
          1,
          1,
          1,
          null,
          null,
          1,
          1,
          1,
          1,
          1,
          null,
          null,
          null,
          1,
          1,
          4,
          null,
          null,
          1,
          1,
          1,
          1,
          1,
          null,
          null,
          1,
          1,
          1,
          1,
          1,
          null,
          null,
          1,
          1,
          1,
          1,
          1,
          null,
          null,
          1,
          1,
          1,
          1,
          1,
          null,
          null,
          null,
          null,
          null,
          1,
          1,
          1,
          1,
          null,
          null,
          1,
          1,
          1,
          null,
          null,
          null,
          1,
          1,
          1,
          null,
          null,
          1,
          1,
          1,
          null,
          null,
          null,
          1,
          1,
          1,
          null,
          null,
          1,
          1,
          1,
          null,
          null,
          null,
          1,
          1,
          1,
          null,
          null,
          1,
          1,
          1,
          null,
          null,
          null,
          1,
          1,
          1,
          null,
          null,
          1,
          1,
          1,
          null,
          null,
          null,
          1,
          1,
          1,
          null,
          null,
          1,
          1,
          1,
          1,
          null,
          null,
          null,
          1,
          1,
          1,
          null,
          null,
          1,
          1,
          1,
          1,
          1,
          1,
          null,
          null,
          null,
          1,
          1,
          1,
          null,
          null,
          1,
          1,
          1,
          1,
          1,
          1,
          null,
          null,
          null,
          1,
          1,
          1,
          null,
          null,
          1,
          1,
          1,
          1,
          1,
          1,
          null,
          null,
          null,
          1,
          1,
          1,
          null,
          null,
          1,
          1,
          1,
          1,
          null,
          null,
          null,
          null,
          1,
          1,
          1,
          null,
          null,
          1,
          1,
          1,
          1,
          null,
          null,
          null,
          1,
          1,
          1,
          null,
          null,
          1,
          1,
          1,
          1,
          1,
          1,
          null,
          null,
          null,
          null
        ]
      },
      "/home/crespire/repos/the_odin_project/ruby_chess/spec/cell_spec.rb": {
        "lines": [
          null,
          null,
          null,
          null,
          1,
          null,
          1,
          1,
          5,
          null,
          1,
          1,
          null,
          null,
          1,
          1,
          null,
          null,
          1,
          1,
          null,
          null,
          1,
          1,
          1,
          1,
          1,
          null,
          null,
          null,
          1,
          6,
          null,
          1,
          1,
          null,
          null,
          1,
          1,
          null,
          null,
          1,
          1,
          null,
          null,
          1,
          1,
          1,
          null,
          null,
          1,
          1,
          1,
          null,
          null,
          null
        ]
      },
      "/home/crespire/repos/the_odin_project/ruby_chess/spec/checkmate_spec.rb": {
        "lines": [
          null,
          null,
          null,
          null,
          1,
          1,
          null,
          1,
          30,
          30,
          null,
          1,
          3,
          null,
          1,
          2,
          null,
          null,
          1,
          1,
          null,
          null,
          1,
          1,
          null,
          null,
          null,
          1,
          4,
          null,
          1,
          3,
          null,
          null,
          1,
          1,
          null,
          null,
          1,
          1,
          null,
          null,
          1,
          1,
          null,
          null,
          null,
          1,
          4,
          null,
          1,
          3,
          null,
          null,
          1,
          1,
          null,
          null,
          1,
          1,
          null,
          null,
          1,
          1,
          null,
          null,
          null,
          1,
          4,
          null,
          1,
          3,
          null,
          null,
          1,
          1,
          null,
          null,
          1,
          1,
          null,
          null,
          1,
          1,
          null,
          null,
          null,
          1,
          4,
          null,
          1,
          3,
          null,
          null,
          1,
          1,
          null,
          null,
          1,
          1,
          null,
          null,
          1,
          1,
          null,
          null,
          null,
          1,
          4,
          null,
          1,
          3,
          null,
          null,
          1,
          1,
          null,
          null,
          1,
          1,
          null,
          null,
          1,
          1,
          null,
          null,
          null,
          1,
          2,
          null,
          1,
          1,
          null,
          null,
          1,
          1,
          1,
          1,
          null,
          null,
          null,
          1,
          2,
          null,
          1,
          1,
          null,
          null,
          1,
          1,
          1,
          1,
          null,
          null,
          null,
          1,
          2,
          null,
          1,
          1,
          null,
          null,
          1,
          1,
          1,
          1,
          null,
          null,
          null,
          1,
          6,
          null,
          1,
          1,
          1,
          null,
          null,
          1,
          1,
          1,
          1,
          1,
          null,
          null,
          null,
          1,
          1,
          1,
          null,
          null,
          1,
          1,
          1,
          1,
          1,
          null,
          null,
          null,
          1,
          1,
          1,
          null,
          null,
          1,
          1,
          1,
          1,
          1,
          null,
          null,
          null,
          1,
          1,
          1,
          null,
          null,
          1,
          1,
          1,
          1,
          1,
          null,
          null,
          null,
          1,
          1,
          1,
          null,
          null,
          1,
          1,
          1,
          1,
          1,
          null,
          null,
          null,
          null,
          1,
          null,
          null,
          1,
          2,
          null,
          1,
          1,
          null,
          null,
          1,
          1,
          1,
          1,
          1,
          null,
          null,
          null,
          1,
          4,
          null,
          1,
          3,
          null,
          null,
          1,
          1,
          null,
          null,
          1,
          null,
          1,
          1,
          null,
          null,
          1,
          1,
          null,
          1,
          null,
          null,
          1,
          1,
          null,
          2,
          2,
          null,
          null,
          2,
          2,
          null,
          null,
          1,
          1,
          null,
          null,
          null
        ]
      },
      "/home/crespire/repos/the_odin_project/ruby_chess/spec/chess_spec.rb": {
        "lines": [
          null,
          null,
          null,
          null,
          1,
          null,
          1,
          1,
          2,
          null,
          1,
          1,
          1,
          1,
          1,
          1,
          1,
          1,
          1,
          null,
          null,
          null,
          1,
          1,
          4,
          null,
          1,
          2,
          null,
          null,
          1,
          2,
          null,
          null,
          1,
          2,
          2,
          null,
          null,
          null,
          1,
          3,
          null,
          1,
          1,
          1,
          1,
          1,
          null,
          1,
          1,
          1,
          1,
          1,
          1,
          1,
          1,
          null,
          1,
          1,
          1,
          null,
          null,
          1,
          1,
          1,
          1,
          1,
          1,
          null,
          1,
          1,
          1,
          1,
          1,
          1,
          1,
          1,
          1,
          1,
          null,
          1,
          1,
          null,
          null,
          null,
          null,
          1,
          3,
          null,
          1,
          1,
          1,
          1,
          null,
          null,
          null,
          1,
          1,
          1,
          1,
          1,
          1,
          null,
          null,
          null,
          null,
          1,
          1,
          2,
          null,
          1,
          1,
          null,
          1,
          1,
          1,
          null,
          null,
          null,
          1,
          20,
          null,
          1,
          1,
          4,
          null,
          null,
          1,
          4,
          null,
          null,
          1,
          4,
          null,
          null,
          1,
          4,
          null,
          null,
          null,
          1,
          1,
          4,
          null,
          null,
          1,
          4,
          null,
          null,
          1,
          4,
          null,
          null,
          1,
          4,
          null,
          null,
          1,
          4,
          null,
          null,
          null,
          1,
          1,
          3,
          null,
          null,
          1,
          4,
          null,
          null,
          1,
          4,
          null,
          null,
          1,
          4,
          null,
          null,
          null,
          1,
          1,
          2,
          null,
          null,
          1,
          4,
          null,
          null,
          1,
          4,
          null,
          null,
          null,
          1,
          1,
          1,
          null,
          null,
          1,
          4,
          null,
          null,
          null,
          1,
          1,
          4,
          null,
          null,
          1,
          1,
          4,
          null,
          null,
          1,
          4,
          null,
          null,
          null,
          1,
          1,
          4,
          null,
          null,
          1,
          4,
          null,
          null,
          null,
          null,
          1,
          1,
          1,
          4,
          null,
          null,
          null,
          null,
          1,
          6,
          null,
          1,
          1,
          1,
          1,
          null,
          null,
          1,
          1,
          4,
          null,
          null,
          1,
          1,
          4,
          1,
          null,
          null,
          1,
          1,
          4,
          null,
          null,
          1,
          1,
          4,
          null,
          null,
          null,
          1,
          4,
          3,
          null,
          1,
          3,
          null,
          null,
          1,
          1,
          1,
          null,
          null,
          1,
          1,
          1,
          1,
          null,
          null,
          1,
          1,
          1,
          4,
          1,
          null,
          null,
          null,
          1,
          4,
          3,
          null,
          1,
          3,
          null,
          null,
          1,
          1,
          1,
          null,
          null,
          1,
          1,
          1,
          1,
          null,
          null,
          1,
          1,
          1,
          4,
          1,
          null,
          null,
          null,
          1,
          2,
          null,
          1,
          1,
          4,
          1,
          null,
          null,
          null,
          null,
          1,
          3,
          null,
          1,
          1,
          1,
          null,
          1,
          1,
          null,
          null,
          1,
          1,
          1,
          1,
          1,
          null,
          1,
          1,
          1,
          1,
          null,
          null,
          null
        ]
      },
      "/home/crespire/repos/the_odin_project/ruby_chess/spec/move_spec.rb": {
        "lines": [
          null,
          null,
          null,
          null,
          1,
          1,
          null,
          1,
          26,
          26,
          1,
          null,
          null,
          null,
          null,
          1,
          1,
          1,
          1,
          1,
          null,
          null,
          null,
          1,
          1,
          1,
          1,
          1,
          1,
          null,
          null,
          null,
          1,
          1,
          1,
          1,
          1,
          null,
          null,
          null,
          1,
          1,
          1,
          1,
          1,
          null,
          null,
          null,
          1,
          1,
          1,
          1,
          1,
          null,
          null,
          null,
          null,
          1,
          1,
          9,
          9,
          null,
          1,
          8,
          null,
          null,
          1,
          1,
          null,
          null,
          1,
          1,
          1,
          1,
          null,
          null,
          1,
          1,
          1,
          null,
          null,
          1,
          1,
          1,
          null,
          null,
          null,
          1,
          1,
          1,
          1,
          null,
          null,
          1,
          1,
          1,
          null,
          null,
          null,
          1,
          1,
          1,
          1,
          null,
          null,
          null,
          1,
          1,
          1,
          1,
          null,
          null,
          null,
          null,
          1,
          13,
          13,
          null,
          1,
          12,
          null,
          null,
          1,
          1,
          null,
          null,
          1,
          1,
          1,
          1,
          null,
          null,
          1,
          1,
          1,
          null,
          null,
          1,
          1,
          1,
          null,
          null,
          null,
          1,
          1,
          1,
          1,
          null,
          null,
          1,
          1,
          1,
          null,
          null,
          null,
          1,
          1,
          1,
          1,
          null,
          null,
          1,
          1,
          1,
          null,
          null,
          1,
          1,
          1,
          null,
          null,
          null,
          1,
          1,
          1,
          1,
          null,
          null,
          1,
          1,
          1,
          null,
          null,
          1,
          1,
          1,
          null,
          null,
          null,
          null,
          null
        ]
      },
      "/home/crespire/repos/the_odin_project/ruby_chess/spec/movement_spec.rb": {
        "lines": [
          null,
          null,
          null,
          null,
          1,
          null,
          1,
          1,
          3,
          3,
          null,
          1,
          1,
          null,
          1,
          1,
          8,
          64,
          null,
          null,
          null,
          null,
          1,
          1,
          null,
          1,
          null,
          null,
          null,
          1,
          1,
          2,
          2,
          null,
          1,
          1,
          null,
          null,
          1,
          1,
          1,
          1,
          1,
          null,
          null,
          null,
          1,
          2,
          2,
          null,
          1,
          1,
          null,
          null,
          1,
          1,
          1,
          1,
          1,
          null,
          null,
          null,
          1,
          2,
          2,
          null,
          1,
          1,
          null,
          null,
          1,
          1,
          1,
          1,
          1,
          null,
          null,
          null,
          1,
          2,
          2,
          null,
          1,
          1,
          null,
          null,
          1,
          1,
          1,
          1,
          1,
          null,
          null,
          null,
          1,
          2,
          2,
          null,
          1,
          1,
          null,
          null,
          1,
          1,
          1,
          1,
          1,
          null,
          null,
          null,
          null,
          1,
          1,
          2,
          2,
          null,
          1,
          1,
          null,
          null,
          1,
          1,
          1,
          1,
          null,
          null,
          null,
          null,
          1,
          1,
          2,
          2,
          null,
          1,
          1,
          null,
          null,
          1,
          1,
          1,
          1,
          null,
          null,
          null,
          null,
          1,
          44,
          44,
          null,
          1,
          1,
          1,
          1,
          1,
          1,
          1,
          null,
          null,
          null,
          null,
          1,
          1,
          1,
          1,
          1,
          1,
          1,
          null,
          null,
          null,
          1,
          1,
          1,
          1,
          1,
          1,
          null,
          null,
          null,
          null,
          1,
          1,
          1,
          1,
          1,
          1,
          1,
          null,
          null,
          null,
          1,
          1,
          1,
          1,
          1,
          1,
          null,
          null,
          1,
          1,
          1,
          1,
          1,
          null,
          null,
          1,
          1,
          1,
          1,
          1,
          null,
          null,
          1,
          1,
          1,
          1,
          1,
          null,
          null,
          1,
          1,
          1,
          1,
          1,
          null,
          null,
          null,
          1,
          1,
          1,
          1,
          1,
          1,
          null,
          null,
          null,
          1,
          1,
          1,
          1,
          1,
          1,
          null,
          null,
          null,
          1,
          1,
          1,
          1,
          1,
          1,
          null,
          null,
          null,
          null,
          1,
          1,
          1,
          1,
          1,
          1,
          1,
          null,
          null,
          null,
          null,
          1,
          1,
          1,
          1,
          1,
          1,
          1,
          null,
          null,
          1,
          1,
          1,
          1,
          1,
          null,
          null,
          null,
          null,
          1,
          1,
          1,
          1,
          1,
          1,
          1,
          null,
          null,
          1,
          1,
          1,
          1,
          1,
          null,
          null,
          1,
          1,
          1,
          1,
          1,
          null,
          null,
          1,
          1,
          1,
          1,
          1,
          null,
          null,
          1,
          1,
          1,
          1,
          1,
          null,
          null,
          1,
          1,
          1,
          1,
          1,
          null,
          null,
          null,
          null,
          1,
          1,
          2,
          null,
          null,
          1,
          1,
          1,
          1,
          null,
          null,
          1,
          1,
          1,
          1,
          null,
          null,
          null,
          1,
          1,
          4,
          null,
          null,
          1,
          1,
          1,
          1,
          null,
          null,
          1,
          1,
          1,
          1,
          null,
          null,
          1,
          1,
          1,
          1,
          null,
          null,
          1,
          1,
          1,
          1,
          null,
          null,
          null,
          1,
          1,
          3,
          null,
          null,
          1,
          1,
          1,
          1,
          null,
          null,
          1,
          1,
          1,
          1,
          null,
          null,
          1,
          1,
          1,
          1,
          null,
          null,
          null,
          1,
          1,
          1,
          1,
          1,
          null,
          null,
          1,
          1,
          1,
          1,
          null,
          null,
          null,
          1,
          1,
          1,
          1,
          1,
          1,
          null,
          null,
          1,
          1,
          1,
          1,
          1,
          null,
          null,
          null,
          1,
          1,
          1,
          1,
          1,
          1,
          null,
          null,
          null,
          1,
          1,
          1,
          1,
          1,
          1,
          null,
          null,
          1,
          1,
          1,
          1,
          1,
          null,
          null,
          1,
          1,
          1,
          1,
          1,
          null,
          null,
          1,
          1,
          1,
          1,
          1,
          null,
          null,
          null,
          1,
          1,
          1,
          1,
          1,
          1,
          null,
          null,
          1,
          1,
          1,
          1,
          1,
          null,
          null,
          null,
          1,
          1,
          1,
          1,
          1,
          1,
          null,
          null,
          1,
          1,
          1,
          1,
          1,
          null,
          null,
          null,
          null,
          1,
          8,
          8,
          null,
          1,
          null,
          1,
          1,
          1,
          8,
          64,
          null,
          16,
          null,
          16,
          null,
          null,
          1,
          null,
          null,
          1,
          1,
          1,
          1,
          8,
          64,
          null,
          5,
          null,
          5,
          null,
          null,
          null,
          1,
          null,
          null,
          1,
          1,
          1,
          1,
          8,
          64,
          null,
          16,
          null,
          16,
          null,
          null,
          null,
          1,
          null,
          null,
          1,
          1,
          1,
          1,
          8,
          64,
          null,
          14,
          null,
          14,
          null,
          null,
          null,
          1,
          null,
          null,
          1,
          1,
          1,
          1,
          8,
          64,
          null,
          16,
          null,
          16,
          null,
          null,
          null,
          1,
          null,
          null,
          1,
          1,
          1,
          1,
          1,
          8,
          64,
          null,
          16,
          16,
          null,
          null,
          1,
          null,
          null,
          1,
          1,
          1,
          1,
          8,
          64,
          null,
          14,
          14,
          null,
          null,
          null,
          1,
          null,
          null,
          null,
          null
        ]
      },
      "/home/crespire/repos/the_odin_project/ruby_chess/spec/piece_spec.rb": {
        "lines": [
          null,
          null,
          null,
          null,
          1,
          1,
          null,
          1,
          1,
          1,
          1,
          1,
          2,
          null,
          null,
          null,
          1,
          2,
          2,
          null,
          1,
          1,
          1,
          1,
          null,
          1,
          1,
          1,
          null,
          null,
          null,
          1,
          4,
          2,
          2,
          2,
          null,
          1,
          1,
          null,
          null,
          1,
          1,
          null,
          null,
          1,
          1,
          null,
          null,
          null
        ]
      },
      "/home/crespire/repos/the_odin_project/ruby_chess/spec/pieces/bishop_spec.rb": {
        "lines": [
          null,
          null,
          null,
          null,
          1,
          1,
          1,
          null,
          1,
          1,
          1,
          null,
          null,
          1,
          5,
          5,
          5,
          null,
          1,
          4,
          null,
          null,
          1,
          1,
          1,
          null,
          null,
          1,
          1,
          5,
          1,
          1,
          null,
          null,
          1,
          1,
          1,
          null,
          null,
          1,
          1,
          1,
          1,
          1,
          null,
          null,
          null
        ]
      },
      "/home/crespire/repos/the_odin_project/ruby_chess/spec/pieces/king_spec.rb": {
        "lines": [
          null,
          null,
          null,
          null,
          1,
          1,
          1,
          null,
          1,
          1,
          6,
          5,
          6,
          null,
          1,
          5,
          null,
          null,
          1,
          1,
          null,
          null,
          1,
          1,
          1,
          null,
          null,
          1,
          1,
          9,
          1,
          1,
          null,
          null,
          1,
          1,
          1,
          null,
          null,
          1,
          1,
          1,
          1,
          1,
          null,
          null,
          null
        ]
      },
      "/home/crespire/repos/the_odin_project/ruby_chess/spec/pieces/knight_spec.rb": {
        "lines": [
          null,
          null,
          null,
          null,
          1,
          1,
          1,
          null,
          1,
          1,
          4,
          4,
          4,
          null,
          1,
          3,
          null,
          null,
          1,
          1,
          1,
          null,
          null,
          1,
          1,
          1,
          null,
          null,
          1,
          1,
          1,
          1,
          1,
          null,
          null,
          null
        ]
      },
      "/home/crespire/repos/the_odin_project/ruby_chess/spec/pieces/pawn_spec.rb": {
        "lines": [
          null,
          null,
          null,
          null,
          1,
          1,
          1,
          null,
          1,
          1,
          1,
          null,
          null,
          1,
          15,
          15,
          6,
          10,
          null,
          1,
          1,
          3,
          null,
          null,
          1,
          1,
          1,
          null,
          null,
          1,
          1,
          1,
          null,
          null,
          1,
          1,
          1,
          1,
          null,
          null,
          null,
          1,
          1,
          3,
          null,
          null,
          1,
          1,
          1,
          null,
          null,
          1,
          1,
          1,
          null,
          null,
          1,
          1,
          1,
          1,
          null,
          null,
          null,
          1,
          1,
          3,
          null,
          null,
          1,
          1,
          1,
          null,
          null,
          1,
          1,
          1,
          null,
          null,
          1,
          1,
          1,
          1,
          null,
          null,
          null,
          1,
          1,
          3,
          null,
          null,
          1,
          1,
          1,
          null,
          null,
          1,
          1,
          null,
          null,
          1,
          1,
          1,
          1,
          null,
          null,
          null,
          1,
          1,
          2,
          null,
          null,
          1,
          1,
          1,
          null,
          null,
          1,
          1,
          1,
          1,
          null,
          null,
          null,
          null
        ]
      },
      "/home/crespire/repos/the_odin_project/ruby_chess/spec/pieces/queen_spec.rb": {
        "lines": [
          null,
          null,
          null,
          null,
          1,
          1,
          1,
          null,
          1,
          1,
          1,
          null,
          null,
          5,
          5,
          5,
          1,
          1,
          2,
          null,
          null,
          1,
          1,
          1,
          null,
          null,
          1,
          1,
          1,
          1,
          null,
          null,
          null,
          1,
          1,
          2,
          null,
          null,
          1,
          1,
          1,
          null,
          null,
          1,
          1,
          1,
          1,
          null,
          null,
          null
        ]
      },
      "/home/crespire/repos/the_odin_project/ruby_chess/spec/pieces/rook_spec.rb": {
        "lines": [
          null,
          null,
          null,
          null,
          1,
          1,
          1,
          null,
          1,
          1,
          1,
          null,
          null,
          1,
          3,
          3,
          3,
          null,
          1,
          2,
          null,
          null,
          1,
          1,
          1,
          null,
          null,
          1,
          1,
          1,
          1,
          1,
          null,
          null,
          null
        ]
      },
      "/home/crespire/repos/the_odin_project/ruby_chess/spec/ui_spec.rb": {
        "lines": [
          null,
          null,
          null,
          null,
          1,
          1,
          null,
          1,
          19,
          19,
          null,
          1,
          1,
          1,
          2,
          null,
          null,
          null,
          1,
          1,
          1,
          1,
          null,
          2,
          null,
          null,
          1,
          1,
          1,
          null,
          2,
          null,
          null,
          1,
          1,
          1,
          null,
          2,
          null,
          null,
          1,
          1,
          1,
          null,
          2,
          null,
          null,
          null,
          1,
          1,
          2,
          null,
          null,
          null,
          1,
          1,
          1,
          2,
          null,
          null,
          1,
          1,
          2,
          null,
          null,
          1,
          1,
          2,
          null,
          null,
          1,
          1,
          2,
          null,
          null,
          null,
          null,
          1,
          1,
          1,
          1,
          5,
          null,
          null,
          1,
          1,
          1,
          1,
          1,
          1,
          null,
          null,
          1,
          1,
          1,
          1,
          1,
          1,
          1,
          null,
          null,
          1,
          1,
          1,
          1,
          1,
          1,
          1,
          null,
          null,
          1,
          1,
          1,
          1,
          1,
          1,
          1,
          null,
          null,
          1,
          1,
          1,
          1,
          1,
          1,
          1,
          null,
          null,
          null,
          null,
          1,
          1,
          1,
          3,
          null,
          null,
          1,
          1,
          1,
          1,
          1,
          1,
          1,
          1,
          null,
          null,
          1,
          1,
          1,
          1,
          1,
          1,
          1,
          1,
          null,
          null,
          1,
          1,
          1,
          1,
          1,
          1,
          1,
          1,
          1,
          null,
          null,
          null,
          null,
          null
        ]
      }
    },
    "timestamp": 1661450755
  }
}
